<?xml version="1.0" encoding="UTF-8"?>
<!-- Generated by org.testng.reporters.JUnitReportReporter -->
<testsuite hostname="DESKTOP-H4JITLN" failures="0" tests="9" name="tests.PurchaseSwagLabs" time="5.550" errors="0" timestamp="2021-08-30T00:02:47 IST" skipped="0">
  <testcase classname="tests.PurchaseSwagLabs" name="loginSauceDemo" time="2.489"/>
  <system-out/>
  <testcase classname="tests.PurchaseSwagLabs" name="sortFilterZtoA" time="0.473"/>
  <system-out/>
  <testcase classname="tests.PurchaseSwagLabs" name="validateProductsSorted" time="0.120"/>
  <system-out/>
  <testcase classname="tests.PurchaseSwagLabs" name="addItemstoCart" time="0.795"/>
  <system-out/>
  <testcase classname="tests.PurchaseSwagLabs" name="clickOnCheckOut" time="0.376"/>
  <system-out/>
  <testcase classname="tests.PurchaseSwagLabs" name="fillYourInformation" time="0.868"/>
  <system-out/>
  <testcase classname="tests.PurchaseSwagLabs" name="clickOnFinishPage" time="0.255"/>
  <system-out/>
  <testcase classname="tests.PurchaseSwagLabs" name="transactionComplete" time="0.089"/>
  <system-out/>
  <testcase classname="tests.PurchaseSwagLabs" name="verifyConfirmatioinMessage" time="0.085"/>
  <system-out/>
</testsuite> <!-- tests.PurchaseSwagLabs -->
