<?xml version="1.0" encoding="UTF-8"?>
<!-- Generated by org.testng.reporters.JUnitReportReporter -->
<testsuite hostname="DESKTOP-H4JITLN" failures="0" tests="18" name="tests.PurchaseSwagLabs" time="8.535" errors="0" timestamp="2021-08-30T00:34:01 IST" skipped="0">
  <testcase classname="tests.PurchaseSwagLabs" name="loginSauceDemo" time="1.251"/>
  <system-out/>
  <testcase classname="tests.PurchaseSwagLabs" name="loginSauceDemo" time="1.537"/>
  <system-out/>
  <testcase classname="tests.PurchaseSwagLabs" name="sortFilterZtoA" time="0.493"/>
  <system-out/>
  <testcase classname="tests.PurchaseSwagLabs" name="sortFilterZtoA" time="0.434"/>
  <system-out/>
  <testcase classname="tests.PurchaseSwagLabs" name="validateProductsSorted" time="0.164"/>
  <system-out/>
  <testcase classname="tests.PurchaseSwagLabs" name="validateProductsSorted" time="0.152"/>
  <system-out/>
  <testcase classname="tests.PurchaseSwagLabs" name="addItemstoCart" time="0.778"/>
  <system-out/>
  <testcase classname="tests.PurchaseSwagLabs" name="addItemstoCart" time="0.386"/>
  <system-out/>
  <testcase classname="tests.PurchaseSwagLabs" name="clickOnCheckOut" time="0.221"/>
  <system-out/>
  <testcase classname="tests.PurchaseSwagLabs" name="clickOnCheckOut" time="0.433"/>
  <system-out/>
  <testcase classname="tests.PurchaseSwagLabs" name="fillYourInformation" time="0.746"/>
  <system-out/>
  <testcase classname="tests.PurchaseSwagLabs" name="fillYourInformation" time="1.156"/>
  <system-out/>
  <testcase classname="tests.PurchaseSwagLabs" name="clickOnFinishPage" time="0.269"/>
  <system-out/>
  <testcase classname="tests.PurchaseSwagLabs" name="clickOnFinishPage" time="0.158"/>
  <system-out/>
  <testcase classname="tests.PurchaseSwagLabs" name="transactionComplete" time="0.082"/>
  <system-out/>
  <testcase classname="tests.PurchaseSwagLabs" name="transactionComplete" time="0.106"/>
  <system-out/>
  <testcase classname="tests.PurchaseSwagLabs" name="verifyConfirmatioinMessage" time="0.069"/>
  <system-out/>
  <testcase classname="tests.PurchaseSwagLabs" name="verifyConfirmatioinMessage" time="0.100"/>
  <system-out/>
</testsuite> <!-- tests.PurchaseSwagLabs -->
