<?xml version="1.0" encoding="UTF-8"?>
<!-- Generated by org.testng.reporters.JUnitReportReporter -->
<testsuite hostname="DESKTOP-H4JITLN" failures="0" tests="9" name="tests.PurchaseSwagLabs" time="3.414" errors="0" timestamp="2021-08-29T19:25:27 IST" skipped="0">
  <testcase classname="tests.PurchaseSwagLabs" name="loginSauceDemo" time="1.108"/>
  <system-out/>
  <testcase classname="tests.PurchaseSwagLabs" name="sortFilterZtoA" time="0.363"/>
  <system-out/>
  <testcase classname="tests.PurchaseSwagLabs" name="validateProductsSorted" time="0.071"/>
  <system-out/>
  <testcase classname="tests.PurchaseSwagLabs" name="addItemstoCart" time="0.725"/>
  <system-out/>
  <testcase classname="tests.PurchaseSwagLabs" name="clickOnCheckOut" time="0.233"/>
  <system-out/>
  <testcase classname="tests.PurchaseSwagLabs" name="fillYourInformation" time="0.560"/>
  <system-out/>
  <testcase classname="tests.PurchaseSwagLabs" name="clickOnFinishPage" time="0.253"/>
  <system-out/>
  <testcase classname="tests.PurchaseSwagLabs" name="transactionComplete" time="0.053"/>
  <system-out/>
  <testcase classname="tests.PurchaseSwagLabs" name="verifyConfirmatioinMessage" time="0.048"/>
  <system-out/>
</testsuite> <!-- tests.PurchaseSwagLabs -->
